<?xml version="1.0" encoding="UTF-8"?>
<testng-results total="2" passed="2" failed="0" skipped="0">
  <reporter-output>
  </reporter-output>
  <suite started-at="2022-09-21T09:13:40Z" name="Default suite" finished-at="2022-09-21T09:13:54Z" duration-ms="14235">
    <groups>
    </groups>
    <test started-at="2022-09-21T09:13:40Z" name="Default test" finished-at="2022-09-21T09:13:54Z" duration-ms="14235">
      <class name="paiInternational_Test.com.Test_CheckOut">
        <test-method is-config="true" signature="precondition()[pri:0, instance:paiInternational_Test.com.Test_CheckOut@196a42c3]" started-at="2022-09-21T14:43:40Z" name="precondition" finished-at="2022-09-21T14:43:45Z" duration-ms="5245" status="PASS">
          <reporter-output>
          </reporter-output>
        </test-method> <!-- precondition -->
        <test-method signature="Login()[pri:0, instance:paiInternational_Test.com.Test_CheckOut@196a42c3]" started-at="2022-09-21T14:43:45Z" name="Login" finished-at="2022-09-21T14:43:46Z" duration-ms="528" status="PASS">
          <reporter-output>
          </reporter-output>
        </test-method> <!-- Login -->
        <test-method is-config="true" signature="getResult(org.testng.ITestResult)[pri:0, instance:paiInternational_Test.com.Test_CheckOut@196a42c3]" started-at="2022-09-21T14:43:46Z" name="getResult" finished-at="2022-09-21T14:43:46Z" duration-ms="147" status="PASS">
          <params>
            <param index="0">
              <value>
                <![CDATA[[TestResult name=Login status=SUCCESS method=Test_CheckOut.Login()[pri:0, instance:paiInternational_Test.com.Test_CheckOut@196a42c3] output={null}]]]>
              </value>
            </param>
          </params>
          <reporter-output>
          </reporter-output>
        </test-method> <!-- getResult -->
        <test-method signature="ProductCheckout()[pri:0, instance:paiInternational_Test.com.Test_CheckOut@196a42c3]" started-at="2022-09-21T14:43:46Z" name="ProductCheckout" finished-at="2022-09-21T14:43:54Z" duration-ms="7866" status="PASS">
          <reporter-output>
          </reporter-output>
        </test-method> <!-- ProductCheckout -->
        <test-method is-config="true" signature="getResult(org.testng.ITestResult)[pri:0, instance:paiInternational_Test.com.Test_CheckOut@196a42c3]" started-at="2022-09-21T14:43:54Z" name="getResult" finished-at="2022-09-21T14:43:54Z" duration-ms="258" status="PASS">
          <params>
            <param index="0">
              <value>
                <![CDATA[[TestResult name=ProductCheckout status=SUCCESS method=Test_CheckOut.ProductCheckout()[pri:0, instance:paiInternational_Test.com.Test_CheckOut@196a42c3] output={null}]]]>
              </value>
            </param>
          </params>
          <reporter-output>
          </reporter-output>
        </test-method> <!-- getResult -->
        <test-method is-config="true" signature="postcondition()[pri:0, instance:paiInternational_Test.com.Test_CheckOut@196a42c3]" started-at="2022-09-21T14:43:54Z" name="postcondition" finished-at="2022-09-21T14:43:54Z" duration-ms="182" status="PASS">
          <reporter-output>
          </reporter-output>
        </test-method> <!-- postcondition -->
      </class> <!-- paiInternational_Test.com.Test_CheckOut -->
    </test> <!-- Default test -->
  </suite> <!-- Default suite -->
</testng-results>
